2025-06-20 22:26:33,950 - INFO - Venue Specification Extractor initialized
2025-06-20 22:26:36,379 - INFO - Starting extraction process for 20 venues
2025-06-20 22:26:36,379 - INFO - Step 1: Discovering venue websites...
2025-06-20 22:26:36,380 - INFO - Searching for websites for venue: AT&T Performing Arts Center
2025-06-20 22:26:37,429 - ERROR - Google search 429 rate limit for AT&T Performing Arts Center
2025-06-20 22:26:53,161 - INFO - Searching for websites for venue: AT&T Stadium
2025-06-20 22:26:53,829 - ERROR - Google search 429 rate limit for AT&T Stadium
2025-06-20 22:27:10,937 - INFO - Searching for websites for venue: Academy of Music, University of Zagreb
2025-06-20 22:27:11,728 - ERROR - Google search 429 rate limit for Academy of Music, University of Zagreb
2025-06-20 22:27:15,231 - INFO - Searching for websites for venue: Adelaide Festival Centre
2025-06-20 22:27:15,853 - ERROR - Google search 429 rate limit for Adelaide Festival Centre
2025-06-20 22:27:17,734 - INFO - Searching for websites for venue: Al Hirschfeld Theatre
2025-06-20 22:27:18,386 - ERROR - Google search 429 rate limit for Al Hirschfeld Theatre
2025-06-20 22:27:20,329 - INFO - Searching for websites for venue: Alabama Theatre
2025-06-20 22:27:20,986 - ERROR - Google search 429 rate limit for Alabama Theatre
2025-06-20 22:27:22,863 - INFO - Searching for websites for venue: Aladdin Theater
2025-06-20 22:27:23,482 - ERROR - Google search 429 rate limit for Aladdin Theater
2025-06-20 22:27:25,360 - INFO - Searching for websites for venue: Alexela Concert Hall
2025-06-20 22:27:25,956 - ERROR - Google search 429 rate limit for Alexela Concert Hall
2025-06-20 22:27:27,823 - INFO - Searching for websites for venue: Alys Robinson Stephens Performing Arts Center
2025-06-20 22:27:28,458 - ERROR - Google search 429 rate limit for Alys Robinson Stephens Performing Arts Center
2025-06-20 22:27:30,327 - INFO - Searching for websites for venue: Amaturo Theater
2025-06-20 22:27:30,940 - ERROR - Google search 429 rate limit for Amaturo Theater
2025-06-20 22:27:32,776 - INFO - Searching for websites for venue: Ambassador Theatre (New York City)
2025-06-20 22:27:33,402 - ERROR - Google search 429 rate limit for Ambassador Theatre (New York City)
2025-06-20 22:27:35,274 - INFO - Searching for websites for venue: American Airlines Center
2025-06-20 22:27:36,178 - ERROR - Google search 429 rate limit for American Airlines Center
2025-06-20 22:27:38,059 - INFO - Searching for websites for venue: Anaheim Convention Center
2025-06-20 22:27:38,704 - ERROR - Google search 429 rate limit for Anaheim Convention Center
2025-06-20 22:27:40,566 - INFO - Searching for websites for venue: Angel Stadium
2025-06-20 22:27:41,181 - ERROR - Google search 429 rate limit for Angel Stadium
2025-06-20 22:27:43,024 - INFO - Searching for websites for venue: Annenberg Center for the Performing Arts
2025-06-20 22:27:43,647 - ERROR - Google search 429 rate limit for Annenberg Center for the Performing Arts
2025-06-20 22:27:45,613 - INFO - Searching for websites for venue: Antoinette Hatfield Hall
2025-06-20 22:27:46,260 - ERROR - Google search 429 rate limit for Antoinette Hatfield Hall
2025-06-20 22:27:48,105 - INFO - Searching for websites for venue: Apollo Theater
2025-06-20 22:27:48,727 - ERROR - Google search 429 rate limit for Apollo Theater
2025-06-20 22:27:50,606 - INFO - Searching for websites for venue: Arts United Center
2025-06-20 22:27:51,273 - ERROR - Google search 429 rate limit for Arts United Center
2025-06-20 22:27:53,111 - INFO - Searching for websites for venue: Athens Concert Hall
2025-06-20 22:27:53,738 - ERROR - Google search 429 rate limit for Athens Concert Hall
2025-06-20 22:27:55,633 - INFO - Searching for websites for venue: Athens State Orchestra
2025-06-20 22:27:56,242 - ERROR - Google search 429 rate limit for Athens State Orchestra
2025-06-20 22:27:58,116 - INFO - Step 2: Locating technical specification PDFs...
2025-06-20 22:27:58,117 - INFO - Searching for PDFs on websites for venue: AT&T Performing Arts Center
2025-06-20 22:28:04,535 - ERROR - Error processing site https://dictionary.cambridge.org/us/games/?utm_source=CDO&utm_medium=nav-bar&utm_campaign=gameshub-CDO-1&utm_id=games-nav&utm_content=games-nav: 400 Client Error: 400 for url: https://dictionary.cambridge.org/us/games/?utm_source=CDO&utm_medium=nav-bar&utm_campaign=gameshub-CDO-1&utm_id=games-nav&utm_content=games-nav
2025-06-20 22:28:18,797 - ERROR - Error processing site https://dictionary.cambridge.org/us/thesaurus/unavailable            : 404 Client Error: 404 for url: https://dictionary.cambridge.org/us/thesaurus/unavailable%20%20%20%20%20%20%20%20%20%20%20%20
2025-06-20 22:28:19,508 - ERROR - Error processing site https://dictionary.cambridge.org/us/thesaurus/available            : 404 Client Error: 404 for url: https://dictionary.cambridge.org/us/thesaurus/available%20%20%20%20%20%20%20%20%20%20%20%20
2025-06-20 22:28:20,267 - ERROR - Error processing site https://dictionary.cambridge.org/us/thesaurus/have-got-something-on            : 404 Client Error: 404 for url: https://dictionary.cambridge.org/us/thesaurus/have-got-something-on%20%20%20%20%20%20%20%20%20%20%20%20
2025-06-20 22:28:22,416 - ERROR - Error processing site https://dictionary.cambridge.org/us/thesaurus/have-your-hands-full            : 404 Client Error: 404 for url: https://dictionary.cambridge.org/us/thesaurus/have-your-hands-full%20%20%20%20%20%20%20%20%20%20%20%20
2025-06-20 22:28:23,315 - ERROR - Error processing site https://dictionary.cambridge.org/us/thesaurus/have-something-on-your-plate            : 404 Client Error: 404 for url: https://dictionary.cambridge.org/us/thesaurus/have-something-on-your-plate%20%20%20%20%20%20%20%20%20%20%20%20
2025-06-20 22:28:25,990 - ERROR - Error processing site https://dictionary.cambridge.org/us/thesaurus/articles/having-a-small-distance-from-the-bottom-to-the-top            : 404 Client Error: 404 for url: https://dictionary.cambridge.org/us/thesaurus/articles/having-a-small-distance-from-the-bottom-to-the-top%20%20%20%20%20%20%20%20%20%20%20%20
2025-06-20 22:28:28,438 - ERROR - Error processing site https://dictionary.cambridge.org/us/thesaurus/grave            : 404 Client Error: 404 for url: https://dictionary.cambridge.org/us/thesaurus/grave%20%20%20%20%20%20%20%20%20%20%20%20
2025-06-20 22:28:34,398 - ERROR - Error processing site https://dictionary.cambridge.org/us/thesaurus/heavyset            : 404 Client Error: 404 for url: https://dictionary.cambridge.org/us/thesaurus/heavyset%20%20%20%20%20%20%20%20%20%20%20%20
2025-06-20 22:28:35,240 - ERROR - Error processing site https://dictionary.cambridge.org/us/thesaurus/articles/having-more-flesh-on-the-body-than-average            : 404 Client Error: 404 for url: https://dictionary.cambridge.org/us/thesaurus/articles/having-more-flesh-on-the-body-than-average%20%20%20%20%20%20%20%20%20%20%20%20
2025-06-20 22:28:38,128 - ERROR - Error processing site https://dictionary.cambridge.org/us/thesaurus/articles/having-a-short-distance-from-one-side-to-another            : 404 Client Error: 404 for url: https://dictionary.cambridge.org/us/thesaurus/articles/having-a-short-distance-from-one-side-to-another%20%20%20%20%20%20%20%20%20%20%20%20
2025-06-20 22:28:49,402 - ERROR - Error processing site https://dictionary.cambridge.org/thesaurus/unavailable            : 404 Client Error: 404 for url: https://dictionary.cambridge.org/thesaurus/unavailable%20%20%20%20%20%20%20%20%20%20%20%20
2025-06-20 22:28:50,901 - ERROR - Error processing site https://dictionary.cambridge.org/thesaurus/available            : 404 Client Error: 404 for url: https://dictionary.cambridge.org/thesaurus/available%20%20%20%20%20%20%20%20%20%20%20%20
2025-06-20 22:28:51,930 - ERROR - Error processing site https://dictionary.cambridge.org/thesaurus/have-got-something-on            : 404 Client Error: 404 for url: https://dictionary.cambridge.org/thesaurus/have-got-something-on%20%20%20%20%20%20%20%20%20%20%20%20
2025-06-20 22:28:53,882 - ERROR - Error processing site https://dictionary.cambridge.org/thesaurus/have-your-hands-full            : 404 Client Error: 404 for url: https://dictionary.cambridge.org/thesaurus/have-your-hands-full%20%20%20%20%20%20%20%20%20%20%20%20
2025-06-20 22:28:54,985 - ERROR - Error processing site https://dictionary.cambridge.org/thesaurus/have-something-on-your-plate            : 404 Client Error: 404 for url: https://dictionary.cambridge.org/thesaurus/have-something-on-your-plate%20%20%20%20%20%20%20%20%20%20%20%20
2025-06-20 22:28:56,912 - ERROR - Error processing site https://dictionary.cambridge.org/thesaurus/articles/having-a-small-distance-from-the-bottom-to-the-top            : 404 Client Error: 404 for url: https://dictionary.cambridge.org/thesaurus/articles/having-a-small-distance-from-the-bottom-to-the-top%20%20%20%20%20%20%20%20%20%20%20%20
2025-06-20 22:28:59,537 - ERROR - Error processing site https://dictionary.cambridge.org/thesaurus/grave            : 404 Client Error: 404 for url: https://dictionary.cambridge.org/thesaurus/grave%20%20%20%20%20%20%20%20%20%20%20%20
2025-06-20 22:29:03,244 - ERROR - Error processing site https://dictionary.cambridge.org/thesaurus/heavyset            : 404 Client Error: 404 for url: https://dictionary.cambridge.org/thesaurus/heavyset%20%20%20%20%20%20%20%20%20%20%20%20
2025-06-20 22:29:04,060 - ERROR - Error processing site https://dictionary.cambridge.org/thesaurus/articles/having-more-flesh-on-the-body-than-average            : 404 Client Error: 404 for url: https://dictionary.cambridge.org/thesaurus/articles/having-more-flesh-on-the-body-than-average%20%20%20%20%20%20%20%20%20%20%20%20
2025-06-20 22:29:06,393 - ERROR - Error processing site https://dictionary.cambridge.org/thesaurus/articles/having-a-short-distance-from-one-side-to-another            : 404 Client Error: 404 for url: https://dictionary.cambridge.org/thesaurus/articles/having-a-short-distance-from-one-side-to-another%20%20%20%20%20%20%20%20%20%20%20%20
2025-06-20 22:29:43,079 - ERROR - Error processing site https://dictionary.cambridge.org/es/games/?utm_source=CDO&utm_medium=nav-bar&utm_campaign=gameshub-CDO-1&utm_id=games-nav&utm_content=games-nav: 400 Client Error: 400 for url: https://dictionary.cambridge.org/es/games/?utm_source=CDO&utm_medium=nav-bar&utm_campaign=gameshub-CDO-1&utm_id=games-nav&utm_content=games-nav
2025-06-20 22:30:19,913 - ERROR - Error processing site https://dictionary.cambridge.org/thesaurus/brave            : 404 Client Error: 404 for url: https://dictionary.cambridge.org/thesaurus/brave%20%20%20%20%20%20%20%20%20%20%20%20
2025-06-20 22:30:22,627 - ERROR - Error processing site https://dictionary.cambridge.org/thesaurus/bravery            : 404 Client Error: 404 for url: https://dictionary.cambridge.org/thesaurus/bravery%20%20%20%20%20%20%20%20%20%20%20%20
2025-06-20 22:30:36,630 - ERROR - Error processing site https://dictionary.cambridge.org/thesaurus/behave            : 404 Client Error: 404 for url: https://dictionary.cambridge.org/thesaurus/behave%20%20%20%20%20%20%20%20%20%20%20%20
2025-06-20 22:30:39,088 - ERROR - Error processing site https://dictionary.cambridge.org/thesaurus/behave-yourself            : 404 Client Error: 404 for url: https://dictionary.cambridge.org/thesaurus/behave-yourself%20%20%20%20%20%20%20%20%20%20%20%20
2025-06-20 22:30:41,168 - ERROR - Error processing site https://dictionary.cambridge.org/thesaurus/be-on-your-best-behaviour            : 404 Client Error: 404 for url: https://dictionary.cambridge.org/thesaurus/be-on-your-best-behaviour%20%20%20%20%20%20%20%20%20%20%20%20
2025-06-20 22:30:44,955 - ERROR - Error processing site https://dictionary.cambridge.org/thesaurus/well-behaved            : 404 Client Error: 404 for url: https://dictionary.cambridge.org/thesaurus/well-behaved%20%20%20%20%20%20%20%20%20%20%20%20
2025-06-20 22:30:47,158 - ERROR - Error processing site https://dictionary.cambridge.org/thesaurus/badly-behaved            : 404 Client Error: 404 for url: https://dictionary.cambridge.org/thesaurus/badly-behaved%20%20%20%20%20%20%20%20%20%20%20%20
2025-06-20 22:31:13,008 - ERROR - Error processing site https://dictionary.cambridge.org/us/thesaurus/well-behaved            : 404 Client Error: 404 for url: https://dictionary.cambridge.org/us/thesaurus/well-behaved%20%20%20%20%20%20%20%20%20%20%20%20
2025-06-20 22:31:13,935 - ERROR - Error processing site https://dictionary.cambridge.org/us/thesaurus/badly-behaved            : 404 Client Error: 404 for url: https://dictionary.cambridge.org/us/thesaurus/badly-behaved%20%20%20%20%20%20%20%20%20%20%20%20
2025-06-20 22:31:16,211 - ERROR - Error processing site https://dictionary.cambridge.org/us/thesaurus/behave            : 404 Client Error: 404 for url: https://dictionary.cambridge.org/us/thesaurus/behave%20%20%20%20%20%20%20%20%20%20%20%20
2025-06-20 22:31:18,912 - ERROR - Error processing site https://dictionary.cambridge.org/us/thesaurus/behave-yourself            : 404 Client Error: 404 for url: https://dictionary.cambridge.org/us/thesaurus/behave-yourself%20%20%20%20%20%20%20%20%20%20%20%20
2025-06-20 22:31:19,846 - ERROR - Error processing site https://dictionary.cambridge.org/us/thesaurus/be-on-your-best-behavior            : 404 Client Error: 404 for url: https://dictionary.cambridge.org/us/thesaurus/be-on-your-best-behavior%20%20%20%20%20%20%20%20%20%20%20%20
2025-06-20 22:31:35,092 - ERROR - Error processing site https://dictionary.cambridge.org/us/thesaurus/behavior            : 404 Client Error: 404 for url: https://dictionary.cambridge.org/us/thesaurus/behavior%20%20%20%20%20%20%20%20%20%20%20%20
2025-06-20 22:31:58,788 - ERROR - Error processing site https://dictionary.cambridge.org/us/dictionary/english/suavely?topic=attractive : HTTPSConnectionPool(host='dictionary.cambridge.org', port=443): Read timed out. (read timeout=10)
2025-06-20 22:32:13,108 - ERROR - Error processing site https://dictionary.cambridge.org/us/dictionary/english/suavity: HTTPSConnectionPool(host='dictionary.cambridge.org', port=443): Read timed out.
2025-06-20 22:32:23,350 - ERROR - Error processing site https://dictionary.cambridge.org/us/pronunciation/english/suave: HTTPSConnectionPool(host='dictionary.cambridge.org', port=443): Read timed out. (read timeout=10)
2025-06-20 22:32:33,621 - ERROR - Error processing site https://dictionary.cambridge.org/us/pronunciation/english/suavely: HTTPSConnectionPool(host='dictionary.cambridge.org', port=443): Read timed out. (read timeout=10)
2025-06-20 22:32:43,843 - ERROR - Error processing site https://dictionary.cambridge.org/us/dictionary/english/be-on-best-behavior?topic=behaving-well : HTTPSConnectionPool(host='dictionary.cambridge.org', port=443): Read timed out. (read timeout=10)
2025-06-20 22:32:54,179 - ERROR - Error processing site https://dictionary.cambridge.org/us/dictionary/english/behave?topic=behaving-well : HTTPSConnectionPool(host='dictionary.cambridge.org', port=443): Read timed out. (read timeout=10)
2025-06-20 22:33:04,423 - ERROR - Error processing site https://dictionary.cambridge.org/us/thesaurus/be-on-your-best-behaviour: HTTPSConnectionPool(host='dictionary.cambridge.org', port=443): Read timed out. (read timeout=10)
2025-06-20 22:34:02,876 - ERROR - Error processing site https://dictionary.cambridge.org/thesaurus/behaviour            : 404 Client Error: 404 for url: https://dictionary.cambridge.org/thesaurus/behaviour%20%20%20%20%20%20%20%20%20%20%20%20
2025-06-20 22:35:52,957 - ERROR - Error processing site https://dictionary.cambridge.org/us/dictionary/english-portuguese/avaricious: HTTPSConnectionPool(host='dictionary.cambridge.org', port=443): Read timed out.
2025-06-20 22:36:03,182 - ERROR - Error processing site https://dictionary.cambridge.org/us/dictionary/portuguese-english/avancar: HTTPSConnectionPool(host='dictionary.cambridge.org', port=443): Read timed out. (read timeout=10)
2025-06-20 22:36:13,437 - ERROR - Error processing site https://dictionary.cambridge.org/us/dictionary/portuguese-english/avanco: HTTPSConnectionPool(host='dictionary.cambridge.org', port=443): Read timed out. (read timeout=10)
2025-06-20 22:36:23,690 - ERROR - Error processing site https://dictionary.cambridge.org/us/dictionary/portuguese-english/avancos: HTTPSConnectionPool(host='dictionary.cambridge.org', port=443): Read timed out. (read timeout=10)
