2025-06-21 12:43:20,575 - INFO - Venue Specification Extractor initialized
2025-06-21 12:43:23,044 - INFO - Starting extraction process for 20 venues
2025-06-21 12:43:23,044 - INFO - Step 1: Discovering venue websites...
2025-06-21 12:43:23,045 - INFO - Searching for websites for venue: AT&T Performing Arts Center
2025-06-21 12:44:17,342 - INFO - Searching for websites for venue: AT&T Stadium
2025-06-21 12:45:09,459 - INFO - Searching for websites for venue: Academy of Music, University of Zagreb
2025-06-21 12:45:33,786 - INFO - Searching for websites for venue: Adelaide Festival Centre
2025-06-21 12:45:54,319 - INFO - Searching for websites for venue: Al Hirschfeld Theatre
2025-06-21 12:47:29,430 - INFO - Searching for websites for venue: Alabama Theatre
2025-06-21 12:48:26,961 - INFO - Searching for websites for venue: Aladdin Theater
2025-06-21 12:49:05,178 - INFO - Searching for websites for venue: Alexela Concert Hall
2025-06-21 12:49:43,293 - INFO - Searching for websites for venue: Alys Robinson Stephens Performing Arts Center
2025-06-21 12:50:18,484 - INFO - Searching for websites for venue: Amaturo Theater
2025-06-21 12:51:27,459 - INFO - Searching for websites for venue: Ambassador Theatre (New York City)
2025-06-21 12:51:44,140 - INFO - Searching for websites for venue: American Airlines Center
2025-06-21 12:52:09,387 - INFO - Searching for websites for venue: Anaheim Convention Center
2025-06-21 12:53:08,535 - INFO - Searching for websites for venue: Angel Stadium
2025-06-21 12:53:36,803 - INFO - Searching for websites for venue: Annenberg Center for the Performing Arts
2025-06-21 12:54:01,992 - INFO - Searching for websites for venue: Antoinette Hatfield Hall
2025-06-21 12:54:24,342 - INFO - Searching for websites for venue: Apollo Theater
2025-06-21 12:54:55,271 - INFO - Searching for websites for venue: Arts United Center
2025-06-21 12:55:19,659 - INFO - Searching for websites for venue: Athens Concert Hall
2025-06-21 12:55:40,926 - INFO - Searching for websites for venue: Athens State Orchestra
2025-06-21 12:56:03,814 - INFO - Step 2: Locating technical specification PDFs...
2025-06-21 12:56:03,819 - INFO - Searching for PDFs on websites for venue: AT&T Performing Arts Center
2025-06-21 12:56:27,518 - INFO - Searching for PDFs on websites for venue: AT&T Stadium
2025-06-21 12:56:46,280 - INFO - Searching for PDFs on websites for venue: Academy of Music, University of Zagreb
2025-06-21 12:56:50,808 - INFO - Searching for PDFs on websites for venue: Adelaide Festival Centre
2025-06-21 12:57:01,030 - INFO - Searching for PDFs on websites for venue: Al Hirschfeld Theatre
2025-06-21 12:57:22,090 - INFO - Searching for PDFs on websites for venue: Alabama Theatre
2025-06-21 12:57:42,839 - INFO - Searching for PDFs on websites for venue: Aladdin Theater
2025-06-21 12:58:04,689 - INFO - Searching for PDFs on websites for venue: Alexela Concert Hall
2025-06-21 12:58:22,189 - INFO - Searching for PDFs on websites for venue: Alys Robinson Stephens Performing Arts Center
2025-06-21 12:58:39,505 - INFO - Searching for PDFs on websites for venue: Amaturo Theater
2025-06-21 12:59:24,912 - INFO - Searching for PDFs on websites for venue: Ambassador Theatre (New York City)
2025-06-21 12:59:41,101 - INFO - Searching for PDFs on websites for venue: American Airlines Center
2025-06-21 12:59:53,094 - INFO - Searching for PDFs on websites for venue: Anaheim Convention Center
2025-06-21 13:00:38,495 - INFO - Searching for PDFs on websites for venue: Angel Stadium
2025-06-21 13:00:57,011 - INFO - Searching for PDFs on websites for venue: Annenberg Center for the Performing Arts
2025-06-21 13:01:15,375 - INFO - Searching for PDFs on websites for venue: Antoinette Hatfield Hall
2025-06-21 13:01:21,469 - INFO - Searching for PDFs on websites for venue: Apollo Theater
2025-06-21 13:01:27,608 - ERROR - Error processing site http://s-media.nyc.gov/agencies/lpc/lp/1300.pdf: ('Connection aborted.', ConnectionResetError(10054, 'An existing connection was forcibly closed by the remote host', None, 10054, None))
2025-06-21 13:01:33,383 - INFO - Searching for PDFs on websites for venue: Arts United Center
2025-06-21 13:01:55,049 - INFO - Searching for PDFs on websites for venue: Athens Concert Hall
2025-06-21 13:02:07,947 - INFO - Searching for PDFs on websites for venue: Athens State Orchestra
2025-06-21 13:02:25,174 - INFO - Step 3: Downloading PDFs...
2025-06-21 13:02:25,189 - INFO - Step 4: Processing PDFs and extracting content...
2025-06-21 13:02:25,190 - INFO - Processing PDFs for venue: AT&T Performing Arts Center
2025-06-21 13:02:25,190 - INFO - Processing PDFs for venue: AT&T Stadium
2025-06-21 13:02:25,190 - INFO - Processing PDFs for venue: Academy of Music, University of Zagreb
2025-06-21 13:02:25,190 - INFO - Processing PDFs for venue: Adelaide Festival Centre
2025-06-21 13:02:25,191 - INFO - Processing PDFs for venue: Al Hirschfeld Theatre
2025-06-21 13:02:25,191 - INFO - Processing PDFs for venue: Alabama Theatre
2025-06-21 13:02:25,191 - INFO - Processing PDFs for venue: Aladdin Theater
2025-06-21 13:02:25,192 - INFO - Processing PDFs for venue: Alexela Concert Hall
2025-06-21 13:02:25,192 - INFO - Processing PDFs for venue: Alys Robinson Stephens Performing Arts Center
2025-06-21 13:02:25,192 - INFO - Processing PDFs for venue: Amaturo Theater
2025-06-21 13:02:25,192 - INFO - Processing PDFs for venue: Ambassador Theatre (New York City)
2025-06-21 13:02:25,193 - INFO - Processing PDFs for venue: American Airlines Center
2025-06-21 13:02:25,193 - INFO - Processing PDFs for venue: Anaheim Convention Center
2025-06-21 13:02:25,193 - INFO - Processing PDFs for venue: Angel Stadium
2025-06-21 13:02:25,193 - INFO - Processing PDFs for venue: Annenberg Center for the Performing Arts
2025-06-21 13:02:25,194 - INFO - Processing PDFs for venue: Antoinette Hatfield Hall
2025-06-21 13:02:25,194 - INFO - Processing PDFs for venue: Apollo Theater
2025-06-21 13:02:25,194 - INFO - Processing PDFs for venue: Arts United Center
2025-06-21 13:02:25,194 - INFO - Processing PDFs for venue: Athens Concert Hall
2025-06-21 13:02:25,194 - INFO - Processing PDFs for venue: Athens State Orchestra
2025-06-21 13:02:25,195 - INFO - Step 5: Extracting equipment data using AI...
2025-06-21 13:02:25,195 - INFO - Extracting equipment data for venue: AT&T Performing Arts Center
2025-06-21 13:02:25,195 - INFO - Extracting equipment data for venue: AT&T Stadium
2025-06-21 13:02:25,195 - INFO - Extracting equipment data for venue: Academy of Music, University of Zagreb
2025-06-21 13:02:25,197 - INFO - Extracting equipment data for venue: Adelaide Festival Centre
2025-06-21 13:02:25,197 - INFO - Extracting equipment data for venue: Al Hirschfeld Theatre
2025-06-21 13:02:25,197 - INFO - Extracting equipment data for venue: Alabama Theatre
2025-06-21 13:02:25,198 - INFO - Extracting equipment data for venue: Aladdin Theater
2025-06-21 13:02:25,198 - INFO - Extracting equipment data for venue: Alexela Concert Hall
2025-06-21 13:02:25,198 - INFO - Extracting equipment data for venue: Alys Robinson Stephens Performing Arts Center
2025-06-21 13:02:25,198 - INFO - Extracting equipment data for venue: Amaturo Theater
2025-06-21 13:02:25,198 - INFO - Extracting equipment data for venue: Ambassador Theatre (New York City)
2025-06-21 13:02:25,199 - INFO - Extracting equipment data for venue: American Airlines Center
2025-06-21 13:02:25,199 - INFO - Extracting equipment data for venue: Anaheim Convention Center
2025-06-21 13:02:25,199 - INFO - Extracting equipment data for venue: Angel Stadium
2025-06-21 13:02:25,201 - INFO - Extracting equipment data for venue: Annenberg Center for the Performing Arts
2025-06-21 13:02:25,202 - INFO - Extracting equipment data for venue: Antoinette Hatfield Hall
2025-06-21 13:02:25,202 - INFO - Extracting equipment data for venue: Apollo Theater
2025-06-21 13:02:25,203 - INFO - Extracting equipment data for venue: Arts United Center
2025-06-21 13:02:25,203 - INFO - Extracting equipment data for venue: Athens Concert Hall
2025-06-21 13:02:25,204 - INFO - Extracting equipment data for venue: Athens State Orchestra
2025-06-21 13:02:25,204 - INFO - Step 6: Standardizing and normalizing data...
2025-06-21 13:02:25,205 - INFO - Standardizing data for venue: AT&T Performing Arts Center
2025-06-21 13:02:25,205 - INFO - Standardizing data for venue: AT&T Stadium
2025-06-21 13:02:25,205 - INFO - Standardizing data for venue: Academy of Music, University of Zagreb
2025-06-21 13:02:25,206 - INFO - Standardizing data for venue: Adelaide Festival Centre
2025-06-21 13:02:25,207 - INFO - Standardizing data for venue: Al Hirschfeld Theatre
2025-06-21 13:02:25,207 - INFO - Standardizing data for venue: Alabama Theatre
2025-06-21 13:02:25,207 - INFO - Standardizing data for venue: Aladdin Theater
2025-06-21 13:02:25,208 - INFO - Standardizing data for venue: Alexela Concert Hall
2025-06-21 13:02:25,208 - INFO - Standardizing data for venue: Alys Robinson Stephens Performing Arts Center
2025-06-21 13:02:25,208 - INFO - Standardizing data for venue: Amaturo Theater
2025-06-21 13:02:25,209 - INFO - Standardizing data for venue: Ambassador Theatre (New York City)
2025-06-21 13:02:25,209 - INFO - Standardizing data for venue: American Airlines Center
2025-06-21 13:02:25,209 - INFO - Standardizing data for venue: Anaheim Convention Center
2025-06-21 13:02:25,210 - INFO - Standardizing data for venue: Angel Stadium
2025-06-21 13:02:25,210 - INFO - Standardizing data for venue: Annenberg Center for the Performing Arts
2025-06-21 13:02:25,210 - INFO - Standardizing data for venue: Antoinette Hatfield Hall
2025-06-21 13:02:25,211 - INFO - Standardizing data for venue: Apollo Theater
2025-06-21 13:02:25,211 - INFO - Standardizing data for venue: Arts United Center
2025-06-21 13:02:25,211 - INFO - Standardizing data for venue: Athens Concert Hall
2025-06-21 13:02:25,211 - INFO - Standardizing data for venue: Athens State Orchestra
2025-06-21 13:02:25,212 - INFO - Step 7: Validating standardized data...
2025-06-21 13:02:25,212 - INFO - Step 8: Exporting data to structured formats...
2025-06-21 13:02:25,221 - INFO - Data exported to JSON: output\venue_equipment_data_20250621_130225.json
2025-06-21 13:02:25,326 - INFO - Data exported to CSV: output\venue_equipment_data_20250621_130225.csv
2025-06-21 13:02:25,328 - INFO - Summary report generated: output\venue_equipment_report_20250621_130225.json
2025-06-21 13:02:25,331 - INFO - Equipment database exported: output\equipment_database_20250621_130225.json
2025-06-21 13:02:25,331 - INFO - All formats exported successfully: ['json', 'csv', 'report', 'database']
2025-06-21 13:02:25,332 - INFO - Extraction completed successfully!
2025-06-21 13:02:25,332 - INFO - Total venues processed: 20
2025-06-21 13:02:25,333 - INFO - Total equipment items extracted: 0
2025-06-21 13:02:25,333 - INFO - Total validation issues: 0
2025-06-21 13:02:25,334 - INFO - Exported files: ['json', 'csv', 'report', 'database']
