2025-06-20 21:01:21,958 - INFO - Venue Specification Extractor initialized
2025-06-20 21:01:24,469 - INFO - Starting extraction process for 4 venues
2025-06-20 21:01:24,470 - INFO - Step 1: Discovering venue websites...
2025-06-20 21:01:24,470 - INFO - Searching for websites for venue: Big Five (orchestras)
2025-06-20 21:02:07,921 - INFO - Searching for websites for venue: Classical music lists
2025-06-20 21:03:17,812 - INFO - Searching for websites for venue: Concert halls
2025-06-20 21:04:08,929 - INFO - Searching for websites for venue: Lists of music venues
2025-06-20 21:04:10,986 - INFO - Step 2: Locating technical specification PDFs...
2025-06-20 21:04:10,986 - INFO - Searching for PDFs on websites for venue: Big Five (orchestras)
2025-06-20 21:04:16,469 - WARNING - Some characters could not be decoded, and were replaced with REPLACEMENT CHARACTER.
2025-06-20 21:04:19,690 - WARNING - Some characters could not be decoded, and were replaced with REPLACEMENT CHARACTER.
2025-06-20 21:04:20,819 - INFO - Searching for PDFs on websites for venue: Classical music lists
2025-06-20 21:04:30,112 - WARNING - Some characters could not be decoded, and were replaced with REPLACEMENT CHARACTER.
2025-06-20 21:04:31,236 - INFO - Searching for PDFs on websites for venue: Concert halls
2025-06-20 21:04:33,381 - WARNING - Some characters could not be decoded, and were replaced with REPLACEMENT CHARACTER.
2025-06-20 21:04:39,372 - WARNING - Some characters could not be decoded, and were replaced with REPLACEMENT CHARACTER.
2025-06-20 21:04:42,446 - WARNING - Some characters could not be decoded, and were replaced with REPLACEMENT CHARACTER.
2025-06-20 21:04:44,169 - WARNING - Some characters could not be decoded, and were replaced with REPLACEMENT CHARACTER.
2025-06-20 21:04:45,186 - INFO - Searching for PDFs on websites for venue: Lists of music venues
2025-06-20 21:04:45,187 - INFO - Step 3: Downloading PDFs...
2025-06-20 21:04:45,193 - INFO - Step 4: Processing PDFs and extracting content...
2025-06-20 21:04:45,194 - INFO - Processing PDFs for venue: Big Five (orchestras)
2025-06-20 21:04:45,195 - INFO - Processing PDFs for venue: Classical music lists
2025-06-20 21:04:45,196 - INFO - Processing PDFs for venue: Concert halls
2025-06-20 21:04:45,197 - INFO - Processing PDFs for venue: Lists of music venues
2025-06-20 21:04:45,199 - INFO - Step 5: Extracting equipment data using AI...
2025-06-20 21:04:45,200 - INFO - Extracting equipment data for venue: Big Five (orchestras)
2025-06-20 21:04:45,201 - INFO - Extracting equipment data for venue: Classical music lists
2025-06-20 21:04:45,202 - INFO - Extracting equipment data for venue: Concert halls
2025-06-20 21:04:45,202 - INFO - Extracting equipment data for venue: Lists of music venues
2025-06-20 21:04:45,203 - INFO - Step 6: Standardizing and normalizing data...
2025-06-20 21:04:45,204 - INFO - Standardizing data for venue: Big Five (orchestras)
2025-06-20 21:04:45,205 - INFO - Standardizing data for venue: Classical music lists
2025-06-20 21:04:45,205 - INFO - Standardizing data for venue: Concert halls
2025-06-20 21:04:45,206 - INFO - Standardizing data for venue: Lists of music venues
2025-06-20 21:04:45,206 - INFO - Step 7: Validating standardized data...
2025-06-20 21:04:45,207 - INFO - Step 8: Exporting data to structured formats...
2025-06-20 21:04:45,210 - INFO - Data exported to JSON: output\venue_equipment_data_20250620_210445.json
2025-06-20 21:04:45,230 - INFO - Data exported to CSV: output\venue_equipment_data_20250620_210445.csv
2025-06-20 21:04:45,232 - INFO - Summary report generated: output\venue_equipment_report_20250620_210445.json
2025-06-20 21:04:45,234 - INFO - Equipment database exported: output\equipment_database_20250620_210445.json
2025-06-20 21:04:45,235 - INFO - All formats exported successfully: ['json', 'csv', 'report', 'database']
2025-06-20 21:04:45,235 - INFO - Extraction completed successfully!
2025-06-20 21:04:45,235 - INFO - Total venues processed: 4
2025-06-20 21:04:45,236 - INFO - Total equipment items extracted: 0
2025-06-20 21:04:45,236 - INFO - Total validation issues: 0
2025-06-20 21:04:45,236 - INFO - Exported files: ['json', 'csv', 'report', 'database']
