2025-06-21 12:22:37,941 - INFO - Venue Specification Extractor initialized
2025-06-21 12:22:41,728 - INFO - Starting extraction process for 20 venues
2025-06-21 12:22:41,728 - INFO - Step 1: Discovering venue websites...
2025-06-21 12:22:41,730 - INFO - Searching for websites for venue: AT&T Performing Arts Center
2025-06-21 12:23:27,223 - INFO - Searching for websites for venue: AT&T Stadium
2025-06-21 12:24:36,766 - INFO - Searching for websites for venue: Academy of Music, University of Zagreb
2025-06-21 12:25:03,974 - INFO - Searching for websites for venue: Adelaide Festival Centre
2025-06-21 12:25:40,972 - INFO - Searching for websites for venue: Al Hirschfeld Theatre
2025-06-21 12:27:16,058 - INFO - Searching for websites for venue: Alabama Theatre
2025-06-21 12:28:19,115 - INFO - Searching for websites for venue: Aladdin Theater
2025-06-21 12:30:06,899 - INFO - Searching for websites for venue: Alexela Concert Hall
2025-06-21 12:31:03,470 - INFO - Searching for websites for venue: Alys Robinson Stephens Performing Arts Center
2025-06-21 12:31:36,018 - INFO - Searching for websites for venue: Amaturo Theater
2025-06-21 12:32:47,245 - INFO - Searching for websites for venue: Ambassador Theatre (New York City)
2025-06-21 12:32:59,005 - INFO - Searching for websites for venue: American Airlines Center
2025-06-21 12:33:29,617 - INFO - Searching for websites for venue: Anaheim Convention Center
2025-06-21 12:34:41,087 - INFO - Searching for websites for venue: Angel Stadium
2025-06-21 12:35:33,128 - INFO - Searching for websites for venue: Annenberg Center for the Performing Arts
2025-06-21 12:36:15,208 - INFO - Searching for websites for venue: Antoinette Hatfield Hall
2025-06-21 12:37:02,138 - INFO - Searching for websites for venue: Apollo Theater
2025-06-21 12:37:42,262 - INFO - Searching for websites for venue: Arts United Center
2025-06-21 12:39:36,285 - INFO - Searching for websites for venue: Athens Concert Hall
2025-06-21 12:40:15,074 - INFO - Searching for websites for venue: Athens State Orchestra
2025-06-21 12:40:50,060 - INFO - Step 2: Locating technical specification PDFs...
2025-06-21 12:40:50,065 - INFO - Searching for PDFs on websites for venue: AT&T Performing Arts Center
2025-06-21 12:40:54,431 - WARNING - Some characters could not be decoded, and were replaced with REPLACEMENT CHARACTER.
2025-06-21 12:40:58,304 - WARNING - Some characters could not be decoded, and were replaced with REPLACEMENT CHARACTER.
2025-06-21 12:41:08,793 - WARNING - Some characters could not be decoded, and were replaced with REPLACEMENT CHARACTER.
2025-06-21 12:41:11,303 - WARNING - Some characters could not be decoded, and were replaced with REPLACEMENT CHARACTER.
2025-06-21 12:41:13,850 - WARNING - Some characters could not be decoded, and were replaced with REPLACEMENT CHARACTER.
2025-06-21 12:41:14,892 - INFO - Searching for PDFs on websites for venue: AT&T Stadium
2025-06-21 12:41:32,501 - WARNING - Some characters could not be decoded, and were replaced with REPLACEMENT CHARACTER.
2025-06-21 12:41:34,048 - INFO - Searching for PDFs on websites for venue: Academy of Music, University of Zagreb
2025-06-21 12:41:44,460 - WARNING - Some characters could not be decoded, and were replaced with REPLACEMENT CHARACTER.
2025-06-21 12:41:46,606 - INFO - Searching for PDFs on websites for venue: Adelaide Festival Centre
2025-06-21 12:41:59,640 - WARNING - Some characters could not be decoded, and were replaced with REPLACEMENT CHARACTER.
2025-06-21 12:42:01,939 - WARNING - Some characters could not be decoded, and were replaced with REPLACEMENT CHARACTER.
2025-06-21 12:42:03,449 - WARNING - Some characters could not be decoded, and were replaced with REPLACEMENT CHARACTER.
2025-06-21 12:42:09,669 - WARNING - Some characters could not be decoded, and were replaced with REPLACEMENT CHARACTER.
2025-06-21 12:42:15,994 - WARNING - Some characters could not be decoded, and were replaced with REPLACEMENT CHARACTER.
2025-06-21 12:42:17,142 - INFO - Searching for PDFs on websites for venue: Al Hirschfeld Theatre
2025-06-21 12:42:37,455 - WARNING - Some characters could not be decoded, and were replaced with REPLACEMENT CHARACTER.
2025-06-21 12:42:39,357 - WARNING - Some characters could not be decoded, and were replaced with REPLACEMENT CHARACTER.
