2025-06-20 21:06:14,931 - INFO - Venue Specification Extractor initialized
2025-06-20 21:06:15,936 - INFO - Starting extraction process for 1 venues
2025-06-20 21:06:15,936 - INFO - Step 1: Discovering venue websites...
2025-06-20 21:06:15,936 - INFO - Searching for websites for venue: Big Five (orchestras)
2025-06-20 21:07:01,146 - INFO - Step 2: Locating technical specification PDFs...
2025-06-20 21:07:01,146 - INFO - Searching for PDFs on websites for venue: Big Five (orchestras)
2025-06-20 21:07:08,730 - WARNING - Some characters could not be decoded, and were replaced with REPLACEMENT CHARACTER.
2025-06-20 21:07:10,920 - WARNING - Some characters could not be decoded, and were replaced with REPLACEMENT CHARACTER.
2025-06-20 21:07:11,961 - INFO - Step 3: Downloading PDFs...
2025-06-20 21:07:11,966 - INFO - Step 4: Processing PDFs and extracting content...
2025-06-20 21:07:11,966 - INFO - Processing PDFs for venue: Big Five (orchestras)
2025-06-20 21:07:11,966 - INFO - Step 5: Extracting equipment data using AI...
2025-06-20 21:07:11,967 - INFO - Extracting equipment data for venue: Big Five (orchestras)
2025-06-20 21:07:11,967 - INFO - Step 6: Standardizing and normalizing data...
2025-06-20 21:07:11,968 - INFO - Standardizing data for venue: Big Five (orchestras)
2025-06-20 21:07:11,968 - INFO - Step 7: Validating standardized data...
2025-06-20 21:07:11,968 - INFO - Step 8: Exporting data to structured formats...
2025-06-20 21:07:11,972 - INFO - Data exported to JSON: output\venue_equipment_data_20250620_210711.json
2025-06-20 21:07:12,015 - INFO - Data exported to CSV: output\venue_equipment_data_20250620_210711.csv
2025-06-20 21:07:12,018 - INFO - Summary report generated: output\venue_equipment_report_20250620_210712.json
2025-06-20 21:07:12,020 - INFO - Equipment database exported: output\equipment_database_20250620_210712.json
2025-06-20 21:07:12,021 - INFO - All formats exported successfully: ['json', 'csv', 'report', 'database']
2025-06-20 21:07:12,021 - INFO - Extraction completed successfully!
2025-06-20 21:07:12,022 - INFO - Total venues processed: 1
2025-06-20 21:07:12,022 - INFO - Total equipment items extracted: 0
2025-06-20 21:07:12,022 - INFO - Total validation issues: 0
2025-06-20 21:07:12,023 - INFO - Exported files: ['json', 'csv', 'report', 'database']
