2025-06-20 22:37:51,439 - INFO - Venue Specification Extractor initialized
2025-06-20 22:37:53,498 - INFO - Starting extraction process for 20 venues
2025-06-20 22:37:53,499 - INFO - Step 1: Discovering venue websites...
2025-06-20 22:37:53,500 - INFO - Searching for websites for venue: AT&T Performing Arts Center
2025-06-20 22:37:54,108 - ERROR - Google search 429 rate limit for AT&T Performing Arts Center
2025-06-20 22:37:57,411 - INFO - Searching for websites for venue: AT&T Stadium
2025-06-20 22:37:58,053 - ERROR - Google search 429 rate limit for AT&T Stadium
2025-06-20 22:37:59,930 - INFO - Searching for websites for venue: Academy of Music, University of Zagreb
2025-06-20 22:38:00,680 - ERROR - Google search 429 rate limit for Academy of Music, University of Zagreb
2025-06-20 22:38:02,595 - INFO - Searching for websites for venue: Adelaide Festival Centre
2025-06-20 22:38:03,224 - ERROR - Google search 429 rate limit for Adelaide Festival Centre
2025-06-20 22:38:05,114 - INFO - Searching for websites for venue: Al Hirschfeld Theatre
2025-06-20 22:38:05,729 - ERROR - Google search 429 rate limit for Al Hirschfeld Theatre
2025-06-20 22:38:07,639 - INFO - Searching for websites for venue: Alabama Theatre
2025-06-20 22:38:08,273 - ERROR - Google search 429 rate limit for Alabama Theatre
2025-06-20 22:38:10,164 - INFO - Searching for websites for venue: Aladdin Theater
2025-06-20 22:38:10,781 - ERROR - Google search 429 rate limit for Aladdin Theater
2025-06-20 22:38:12,750 - INFO - Searching for websites for venue: Alexela Concert Hall
2025-06-20 22:38:13,532 - ERROR - Google search 429 rate limit for Alexela Concert Hall
2025-06-20 22:38:15,456 - INFO - Searching for websites for venue: Alys Robinson Stephens Performing Arts Center
2025-06-20 22:38:16,123 - ERROR - Google search 429 rate limit for Alys Robinson Stephens Performing Arts Center
2025-06-20 22:38:18,237 - INFO - Searching for websites for venue: Amaturo Theater
2025-06-20 22:38:18,889 - ERROR - Google search 429 rate limit for Amaturo Theater
2025-06-20 22:38:20,788 - INFO - Searching for websites for venue: Ambassador Theatre (New York City)
2025-06-20 22:38:21,468 - ERROR - Google search 429 rate limit for Ambassador Theatre (New York City)
2025-06-20 22:38:23,373 - INFO - Searching for websites for venue: American Airlines Center
2025-06-20 22:38:23,993 - ERROR - Google search 429 rate limit for American Airlines Center
2025-06-20 22:38:25,921 - INFO - Searching for websites for venue: Anaheim Convention Center
2025-06-20 22:38:26,561 - ERROR - Google search 429 rate limit for Anaheim Convention Center
2025-06-20 22:38:28,465 - INFO - Searching for websites for venue: Angel Stadium
2025-06-20 22:38:29,141 - ERROR - Google search 429 rate limit for Angel Stadium
2025-06-20 22:38:31,095 - INFO - Searching for websites for venue: Annenberg Center for the Performing Arts
2025-06-20 22:38:31,721 - ERROR - Google search 429 rate limit for Annenberg Center for the Performing Arts
2025-06-20 22:38:33,639 - INFO - Searching for websites for venue: Antoinette Hatfield Hall
2025-06-20 22:38:34,263 - ERROR - Google search 429 rate limit for Antoinette Hatfield Hall
2025-06-20 22:38:36,183 - INFO - Searching for websites for venue: Apollo Theater
2025-06-20 22:38:36,902 - ERROR - Google search 429 rate limit for Apollo Theater
2025-06-20 22:38:38,816 - INFO - Searching for websites for venue: Arts United Center
2025-06-20 22:38:39,444 - ERROR - Google search 429 rate limit for Arts United Center
2025-06-20 22:38:41,352 - INFO - Searching for websites for venue: Athens Concert Hall
2025-06-20 22:38:41,960 - ERROR - Google search 429 rate limit for Athens Concert Hall
2025-06-20 22:38:43,887 - INFO - Searching for websites for venue: Athens State Orchestra
2025-06-20 22:38:44,507 - ERROR - Google search 429 rate limit for Athens State Orchestra
2025-06-20 22:38:46,417 - INFO - Step 2: Locating technical specification PDFs...
2025-06-20 22:38:46,419 - INFO - Searching for PDFs on websites for venue: AT&T Performing Arts Center
2025-06-20 22:38:46,420 - INFO - Searching for PDFs on websites for venue: AT&T Stadium
2025-06-20 22:38:46,422 - INFO - Searching for PDFs on websites for venue: Academy of Music, University of Zagreb
2025-06-20 22:38:46,423 - INFO - Searching for PDFs on websites for venue: Adelaide Festival Centre
2025-06-20 22:38:46,425 - INFO - Searching for PDFs on websites for venue: Al Hirschfeld Theatre
2025-06-20 22:38:46,426 - INFO - Searching for PDFs on websites for venue: Alabama Theatre
2025-06-20 22:38:46,429 - INFO - Searching for PDFs on websites for venue: Aladdin Theater
2025-06-20 22:38:46,430 - INFO - Searching for PDFs on websites for venue: Alexela Concert Hall
2025-06-20 22:38:46,431 - INFO - Searching for PDFs on websites for venue: Alys Robinson Stephens Performing Arts Center
2025-06-20 22:38:46,432 - INFO - Searching for PDFs on websites for venue: Amaturo Theater
2025-06-20 22:38:46,433 - INFO - Searching for PDFs on websites for venue: Ambassador Theatre (New York City)
2025-06-20 22:38:46,436 - INFO - Searching for PDFs on websites for venue: American Airlines Center
2025-06-20 22:38:46,441 - INFO - Searching for PDFs on websites for venue: Anaheim Convention Center
2025-06-20 22:38:46,443 - INFO - Searching for PDFs on websites for venue: Angel Stadium
2025-06-20 22:38:46,444 - INFO - Searching for PDFs on websites for venue: Annenberg Center for the Performing Arts
2025-06-20 22:38:46,446 - INFO - Searching for PDFs on websites for venue: Antoinette Hatfield Hall
2025-06-20 22:38:46,449 - INFO - Searching for PDFs on websites for venue: Apollo Theater
2025-06-20 22:38:46,451 - INFO - Searching for PDFs on websites for venue: Arts United Center
2025-06-20 22:38:46,452 - INFO - Searching for PDFs on websites for venue: Athens Concert Hall
2025-06-20 22:38:46,453 - INFO - Searching for PDFs on websites for venue: Athens State Orchestra
2025-06-20 22:38:46,454 - INFO - Step 3: Downloading PDFs...
